0 verbose cli C:\Program Files\nodejs\node.exe C:\Program Files\nodejs\node_modules\npm\bin\npm-cli.js
1 info using npm@11.6.1
2 info using node@v24.11.0
3 silly config load:file:C:\Program Files\nodejs\node_modules\npm\npmrc
4 warn Unknown env config "tmp". This will stop working in the next major version of npm.
5 silly config load:file:C:\Users\jsphe\Codex_Projects\project_1\.npmrc
6 silly config load:file:C:\Users\jsphe\.npmrc
7 silly config load:file:C:\Users\jsphe\AppData\Roaming\npm\etc\npmrc
8 verbose title npm exec create-vite@latest . -- --template react
9 verbose argv "exec" "--" "create-vite@latest" "." "--" "--template" "react"
10 verbose logfile logs-max:10 dir:C:\Users\jsphe\Codex_Projects\project_1\.npm-cache\_logs\2026-03-27T14_07_08_421Z-
11 verbose logfile C:\Users\jsphe\Codex_Projects\project_1\.npm-cache\_logs\2026-03-27T14_07_08_421Z-debug-0.log
12 silly logfile done cleaning log files
13 silly packumentCache heap:4496293888 maxSize:1124073472 maxEntrySize:562036736
14 http fetch GET 200 https://registry.npmjs.org/create-vite 290ms (cache miss)
15 silly packumentCache heap:4496293888 maxSize:1124073472 maxEntrySize:562036736
16 silly packumentCache heap:4496293888 maxSize:1124073472 maxEntrySize:562036736
17 warn exec The following package was not found and will be installed: create-vite@9.0.3
18 silly idealTree buildDeps
19 silly fetch manifest create-vite@9.0.3
20 silly packumentCache full:https://registry.npmjs.org/create-vite cache-miss
21 http fetch GET 200 https://registry.npmjs.org/create-vite 156ms (cache miss)
22 silly packumentCache full:https://registry.npmjs.org/create-vite set size:undefined disposed:false
23 silly placeDep ROOT create-vite@9.0.3 OK for:  want: 9.0.3
24 silly reify moves {}
25 silly audit bulk request { 'create-vite': [ '9.0.3' ] }
26 http cache create-vite@https://registry.npmjs.org/create-vite/-/create-vite-9.0.3.tgz 0ms (cache hit)
27 silly tarball no local data for create-vite@https://registry.npmjs.org/create-vite/-/create-vite-9.0.3.tgz. Extracting by manifest.
28 http fetch GET 200 https://registry.npmjs.org/npm 529ms
29 http fetch POST 200 https://registry.npmjs.org/-/npm/v1/security/advisories/bulk 376ms
30 silly audit report {}
31 http fetch GET 200 https://registry.npmjs.org/create-vite/-/create-vite-9.0.3.tgz 882ms (cache miss)
32 verbose cwd C:\Users\jsphe\Codex_Projects\project_1
33 verbose os Windows_NT 10.0.26200
34 verbose node v24.11.0
35 verbose npm  v11.6.1
36 notice
36 notice New minor version of npm available! 11.6.1 -> 11.12.1
36 notice Changelog: https://github.com/npm/cli/releases/tag/v11.12.1
36 notice To update run: npm install -g npm@11.12.1
36 notice  { force: true, Symbol(proc-log.meta): true }
37 verbose exit 0
38 info ok
