0 verbose cli C:\Program Files\nodejs\node.exe C:\Program Files\nodejs\node_modules\npm\bin\npm-cli.js
1 info using npm@11.6.1
2 info using node@v24.11.0
3 silly config load:file:C:\Program Files\nodejs\node_modules\npm\npmrc
4 silly config load:file:C:\Users\jsphe\Codex_Projects\project_1\.npmrc
5 silly config load:file:C:\Users\jsphe\.npmrc
6 silly config load:file:C:\Users\jsphe\AppData\Roaming\npm\etc\npmrc
7 verbose title npm create vite@latest frontend --template react
8 verbose argv "create" "vite@latest" "frontend" "--" "--template" "react"
9 verbose logfile logs-max:10 dir:C:\Users\jsphe\Codex_Projects\project_1\.npm-cache\_logs\2026-03-27T14_07_19_439Z-
10 verbose logfile C:\Users\jsphe\Codex_Projects\project_1\.npm-cache\_logs\2026-03-27T14_07_19_439Z-debug-0.log
11 silly logfile done cleaning log files
12 silly packumentCache heap:4496293888 maxSize:1124073472 maxEntrySize:562036736
13 http fetch GET 200 https://registry.npmjs.org/create-vite 324ms (cache revalidated)
14 silly packumentCache heap:4496293888 maxSize:1124073472 maxEntrySize:562036736
15 verbose cwd C:\Users\jsphe\Codex_Projects\project_1
16 verbose os Windows_NT 10.0.26200
17 verbose node v24.11.0
18 verbose npm  v11.6.1
19 verbose exit 0
20 info ok
